[ 2016-09-22 15:00:56.4573 6583/0x803406400 age/Wat/WatchdogMain.cpp:1291 ]: Starting Passenger watchdog...
[ 2016-09-22 15:00:56.4599 6583/0x803406400 Ser/Server.h:713 ]: [WatchdogApiServer] Cannot disable Nagle's algorithm on a TCP socket: Invalid argument (errno=22)
[ 2016-09-22 15:00:56.4670 6585/0x803406400 age/Cor/CoreMain.cpp:982 ]: Starting Passenger core...
[ 2016-09-22 15:00:56.4675 6585/0x803406400 age/Cor/CoreMain.cpp:235 ]: Passenger core running in multi-application mode.
[ 2016-09-22 15:00:56.4694 6585/0x803406400 Ser/AcceptLoadBalancer.h:295 ]: Cannot disable Nagle's algorithm on a TCP socket: Invalid argument (errno=22)
[ 2016-09-22 15:00:56.4698 6585/0x803406400 Ser/Server.h:713 ]: [ApiServer] Cannot disable Nagle's algorithm on a TCP socket: Invalid argument (errno=22)
[ 2016-09-22 15:00:56.4699 6585/0x803406400 age/Cor/CoreMain.cpp:732 ]: Passenger core online, PID 6585
[ 2016-09-22 15:00:56.4801 6587/0x803406400 age/Ust/UstRouterMain.cpp:529 ]: Starting Passenger UstRouter...
[ 2016-09-22 15:00:56.4817 6587/0x803406400 Ser/Server.h:713 ]: [UstRouter] Cannot disable Nagle's algorithm on a TCP socket: Invalid argument (errno=22)
[ 2016-09-22 15:00:56.4818 6587/0x803406400 Ser/Server.h:713 ]: [UstRouterApiServer] Cannot disable Nagle's algorithm on a TCP socket: Invalid argument (errno=22)
[ 2016-09-22 15:00:56.4819 6587/0x803406400 age/Ust/UstRouterMain.cpp:342 ]: Passenger UstRouter online, PID 6587
2016/09/22 15:00:58 [error] 6590#0: *3 "/usr/local/www/scuff/public/index.html" is not found (2: No such file or directory), client: 127.0.0.1, server: _, request: "HEAD / HTTP/1.1", host: "127.0.0.1"
2016/09/22 15:03:10 [error] 6590#0: *4 "/usr/local/www/scuff/public/index.html" is not found (2: No such file or directory), client: 127.0.0.1, server: _, request: "GET / HTTP/1.0", host: "scuff.dexp.club"
2016/09/22 15:03:10 [error] 6590#0: *5 open() "/usr/local/www/scuff/public/favicon.ico" failed (2: No such file or directory), client: 127.0.0.1, server: _, request: "GET /favicon.ico HTTP/1.0", host: "scuff.dexp.club", referrer: "http://scuff.dexp.club/"
App 6631 stdout: 
App 6641 stdout: 
App 7316 stdout: 
App 7328 stdout: 
[ 2016-09-22 15:38:46.6512 6585/0x803407000 age/Cor/CoreMain.cpp:819 ]: Checking whether to disconnect long-running connections for process 7328, application /usr/local/www/scuff/public (development)
App 8298 stdout: 
App 8308 stdout: 
App 8362 stdout: 
App 8367 stdout: 
App 8372 stdout: 
[ 2016-09-22 16:16:45.7713 6585/0x803407000 age/Cor/CoreMain.cpp:819 ]: Checking whether to disconnect long-running connections for process 8372, application /usr/local/www/scuff/public (development)
[ 2016-09-22 16:16:53.9702 6585/0x803407000 age/Cor/CoreMain.cpp:819 ]: Checking whether to disconnect long-running connections for process 8308, application /usr/local/www/scuff/public (development)
[ 2016-09-22 16:16:53.9706 6585/0x803407000 age/Cor/CoreMain.cpp:819 ]: Checking whether to disconnect long-running connections for process 8362, application /usr/local/www/scuff/public (development)
[ 2016-09-22 16:16:53.9706 6585/0x803407000 age/Cor/CoreMain.cpp:819 ]: Checking whether to disconnect long-running connections for process 8367, application /usr/local/www/scuff/public (development)
App 8983 stdout: 
App 8995 stdout: 
[ 2016-09-22 16:40:13.6648 6585/0x803407000 age/Cor/CoreMain.cpp:819 ]: Checking whether to disconnect long-running connections for process 8995, application /usr/local/www/scuff/public (development)
